106.08.18 08:42 B C:\To Upload\back.gif <-- Spar2 /Uploads/Francois back.gif
106.08.18 08:42 B C:\To Upload\backgroud.gif <-- Spar2 /Uploads/Francois backgroud.gif
106.08.18 08:42 B C:\To Upload\bg0.gif <-- Spar2 /Uploads/Francois bg0.gif
106.08.18 08:42 B C:\To Upload\bg1.gif <-- Spar2 /Uploads/Francois bg1.gif
106.08.18 08:42 B C:\To Upload\bug.gif <-- Spar2 /Uploads/Francois bug.gif
106.08.18 08:42 B C:\To Upload\bullet.gif <-- Spar2 /Uploads/Francois bullet.gif
106.08.18 08:42 B C:\To Upload\bulletcca.gif <-- Spar2 /Uploads/Francois bulletcca.gif
106.08.18 08:42 B C:\To Upload\bulletgray.gif <-- Spar2 /Uploads/Francois bulletgray.gif
106.08.18 08:42 B C:\To Upload\cal.gif <-- Spar2 /Uploads/Francois cal.gif
106.08.18 08:42 B C:\To Upload\construction.gif <-- Spar2 /Uploads/Francois construction.gif
106.08.18 08:42 B C:\To Upload\gateway.gif <-- Spar2 /Uploads/Francois gateway.gif
106.08.18 08:42 B C:\To Upload\gateway1.gif <-- Spar2 /Uploads/Francois gateway1.gif
106.08.18 08:42 B C:\To Upload\gateway_new_old.gif <-- Spar2 /Uploads/Francois gateway_new_old.gif
106.08.18 08:42 B C:\To Upload\gateway_old.gif <-- Spar2 /Uploads/Francois gateway_old.gif
106.08.18 08:42 B C:\To Upload\hdrbg01.gif <-- Spar2 /Uploads/Francois hdrbg01.gif
106.08.18 08:42 B C:\To Upload\hdrbg02.gif <-- Spar2 /Uploads/Francois hdrbg02.gif
106.08.18 08:42 B C:\To Upload\hdrbg03.gif <-- Spar2 /Uploads/Francois hdrbg03.gif
106.08.18 08:42 B C:\To Upload\hdrbg04.gif <-- Spar2 /Uploads/Francois hdrbg04.gif
106.08.18 08:42 B C:\To Upload\help.gif <-- Spar2 /Uploads/Francois help.gif
106.08.18 08:42 B C:\To Upload\images.jpeg <-- Spar2 /Uploads/Francois images.jpeg
106.08.18 08:42 B C:\To Upload\leaf.gif <-- Spar2 /Uploads/Francois leaf.gif
106.08.18 08:42 B C:\To Upload\logout.gif <-- Spar2 /Uploads/Francois logout.gif
106.08.18 08:42 B C:\To Upload\logout.jpg <-- Spar2 /Uploads/Francois logout.jpg
106.08.18 08:42 B C:\To Upload\minus.gif <-- Spar2 /Uploads/Francois minus.gif
106.08.18 08:42 B C:\To Upload\navline.gif <-- Spar2 /Uploads/Francois navline.gif
106.08.18 08:42 B C:\To Upload\navline1.gif <-- Spar2 /Uploads/Francois navline1.gif
106.08.18 08:42 B C:\To Upload\newgatelogo.gif <-- Spar2 /Uploads/Francois newgatelogo.gif
106.08.18 08:42 B C:\To Upload\newgatelogo1.gif <-- Spar2 /Uploads/Francois newgatelogo1.gif
106.08.18 08:42 B C:\To Upload\next.gif <-- Spar2 /Uploads/Francois next.gif
106.08.18 08:42 B C:\To Upload\next_year.gif <-- Spar2 /Uploads/Francois next_year.gif
106.08.18 08:42 B C:\To Upload\plus.gif <-- Spar2 /Uploads/Francois plus.gif
106.08.18 08:42 B C:\To Upload\prev.gif <-- Spar2 /Uploads/Francois prev.gif
106.08.18 08:42 B C:\To Upload\prev_year.gif <-- Spar2 /Uploads/Francois prev_year.gif
106.08.18 08:42 B C:\To Upload\print.gif <-- Spar2 /Uploads/Francois print.gif
106.08.18 08:42 B C:\To Upload\print_new.gif <-- Spar2 /Uploads/Francois print_new.gif
106.08.18 08:42 B C:\To Upload\print_old.gif <-- Spar2 /Uploads/Francois print_old.gif
106.08.18 08:42 B C:\To Upload\smilicry.gif <-- Spar2 /Uploads/Francois smilicry.gif
106.08.18 08:42 B C:\To Upload\smilihappy.gif <-- Spar2 /Uploads/Francois smilihappy.gif
106.08.18 08:42 B C:\To Upload\spacer.gif <-- Spar2 /Uploads/Francois spacer.gif
106.08.18 08:42 B C:\To Upload\sparlogo.gif <-- Spar2 /Uploads/Francois sparlogo.gif
106.08.18 08:42 B C:\To Upload\sparlogo1.gif <-- Spar2 /Uploads/Francois sparlogo1.gif
106.08.18 08:42 B C:\To Upload\Thumbs.db <-- Spar2 /Uploads/Francois Thumbs.db
106.08.18 08:42 B C:\To Upload\topstrap_r1_c2.gif <-- Spar2 /Uploads/Francois topstrap_r1_c2.gif
106.08.18 08:42 B C:\To Upload\topstrap_r1_c6.gif <-- Spar2 /Uploads/Francois topstrap_r1_c6.gif
106.08.18 08:42 B C:\To Upload\topstrap_r2_c3.gif <-- Spar2 /Uploads/Francois topstrap_r2_c3.gif
106.08.18 08:42 B C:\To Upload\topstrap_r2_c4.gif <-- Spar2 /Uploads/Francois topstrap_r2_c4.gif
106.08.18 08:42 B C:\To Upload\topstrap_r3_c2.gif <-- Spar2 /Uploads/Francois topstrap_r3_c2.gif
106.08.18 08:42 B C:\To Upload\trackback.gif <-- Spar2 /Uploads/Francois trackback.gif
106.08.18 08:42 B C:\To Upload\trackback1.gif <-- Spar2 /Uploads/Francois trackback1.gif
